<?xml version="1.0" encoding="UTF-8"?>
<!-- Generated by org.testng.reporters.JUnitXMLReporter -->
<testsuite ignored="0" hostname="LAPTOP-7NVV77U9" failures="0" tests="2" name="Default test" time="0.104" errors="0" timestamp="2023-08-03T12:30:48 IST">
  <testcase classname="com.capstone.testing.LoginServiceTest" name="@BeforeTest setUp" time="0.056">
    <failure type="java.lang.NoSuchMethodError" message="&amp;apos;java.io.OutputStream org.openqa.selenium.chrome.ChromeDriverService$Builder.getLogOutput(java.lang.String)&amp;apos;">
      <![CDATA[java.lang.NoSuchMethodError: 'java.io.OutputStream org.openqa.selenium.chrome.ChromeDriverService$Builder.getLogOutput(java.lang.String)'
at org.openqa.selenium.chrome.ChromeDriverService$Builder.createDriverService(ChromeDriverService.java:417)
at org.openqa.selenium.chrome.ChromeDriverService$Builder.createDriverService(ChromeDriverService.java:197)
at org.openqa.selenium.remote.service.DriverService$Builder.build(DriverService.java:450)
at org.openqa.selenium.chrome.ChromeDriverService.createDefaultService(ChromeDriverService.java:166)
at org.openqa.selenium.chrome.ChromeDriver.<init>(ChromeDriver.java:50)
at com.capstone.testing.LoginServiceTest.setUp(LoginServiceTest.java:19)
at java.base/jdk.internal.reflect.NativeMethodAccessorImpl.invoke0(Native Method)
at java.base/jdk.internal.reflect.NativeMethodAccessorImpl.invoke(NativeMethodAccessorImpl.java:77)
at java.base/jdk.internal.reflect.DelegatingMethodAccessorImpl.invoke(DelegatingMethodAccessorImpl.java:43)
at java.base/java.lang.reflect.Method.invoke(Method.java:568)
at org.testng.internal.MethodInvocationHelper.invokeMethod(MethodInvocationHelper.java:133)
at org.testng.internal.MethodInvocationHelper.invokeMethodConsideringTimeout(MethodInvocationHelper.java:62)
at org.testng.internal.ConfigInvoker.invokeConfigurationMethod(ConfigInvoker.java:385)
at org.testng.internal.ConfigInvoker.invokeConfigurations(ConfigInvoker.java:321)
at org.testng.TestRunner.invokeTestConfigurations(TestRunner.java:637)
at org.testng.TestRunner.beforeRun(TestRunner.java:627)
at org.testng.TestRunner.run(TestRunner.java:589)
at org.testng.SuiteRunner.runTest(SuiteRunner.java:377)
at org.testng.SuiteRunner.runSequentially(SuiteRunner.java:371)
at org.testng.SuiteRunner.privateRun(SuiteRunner.java:332)
at org.testng.SuiteRunner.run(SuiteRunner.java:276)
at org.testng.SuiteRunnerWorker.runSuite(SuiteRunnerWorker.java:53)
at org.testng.SuiteRunnerWorker.run(SuiteRunnerWorker.java:96)
at org.testng.TestNG.runSuitesSequentially(TestNG.java:1212)
at org.testng.TestNG.runSuitesLocally(TestNG.java:1134)
at org.testng.TestNG.runSuites(TestNG.java:1063)
at org.testng.TestNG.run(TestNG.java:1031)
at org.testng.remote.AbstractRemoteTestNG.run(AbstractRemoteTestNG.java:115)
at org.testng.remote.RemoteTestNG.initAndRun(RemoteTestNG.java:251)
at org.testng.remote.RemoteTestNG.main(RemoteTestNG.java:77)
]]>
    </failure>
  </testcase> <!-- @BeforeTest setUp -->
  <testcase classname="com.capstone.testing.LoginServiceTest" name="@BeforeMethod setUp" time="-1.691046048721E9">
    <skipped/>
  </testcase> <!-- @BeforeMethod setUp -->
  <testcase classname="com.capstone.testing.LoginServiceTest" name="@BeforeMethod setUp" time="-1.691046048728E9">
    <skipped/>
  </testcase> <!-- @BeforeMethod setUp -->
  <testcase classname="com.capstone.testing.LoginServiceTest" name="@AfterTest afterClass" time="-1.691046048734E9">
    <skipped/>
  </testcase> <!-- @AfterTest afterClass -->
  <testcase classname="com.capstone.testing.LoginServiceTest" name="signInTest" time="0.0">
    <skipped/>
  </testcase> <!-- signInTest -->
  <testcase classname="com.capstone.testing.LoginServiceTest" name="signUpTest" time="0.0">
    <skipped/>
  </testcase> <!-- signUpTest -->
</testsuite> <!-- Default test -->
