<?xml version="1.0" encoding="UTF-8"?>
<!-- Generated by org.testng.reporters.JUnitXMLReporter -->
<testsuite ignored="0" hostname="LAPTOP-7NVV77U9" failures="0" tests="11" name="Test" time="49.767" errors="0" timestamp="2023-08-03T13:52:43 IST">
  <testcase classname="com.capstone.testing.LoginServiceTest" name="homeTest" time="0.719"/>
  <testcase classname="com.capstone.testing.LoginServiceTest" name="registerTest" time="10.472"/>
  <testcase classname="com.capstone.testing.LoginServiceTest" name="loginTest" time="10.514"/>
  <testcase classname="com.capstone.testing.LoginServiceTest" name="applyAadharTest" time="11.049"/>
  <testcase classname="com.capstone.testing.LoginServiceTest" name="approveRequestTest" time="2.781"/>
  <testcase classname="com.capstone.testing.LoginServiceTest" name="viewAllRequestTest" time="0.174"/>
  <testcase classname="com.capstone.testing.LoginServiceTest" name="AadharUpdateTest" time="0.205"/>
  <testcase classname="com.capstone.testing.LoginServiceTest" name="viewMyAdharTest" time="0.1"/>
  <testcase classname="com.capstone.testing.LoginServiceTest" name="logoutTest" time="0.095"/>
  <testcase classname="com.capstone.testing.LoginServiceTest" name="requestDuplicateTest" time="5.194"/>
  <testcase classname="com.capstone.testing.LoginServiceTest" name="closeAadharTest" time="5.295"/>
</testsuite> <!-- Test -->
