<?xml version="1.0" encoding="UTF-8"?>
<testng-results ignored="0" total="11" passed="11" failed="0" skipped="0">
  <reporter-output>
  </reporter-output>
  <suite started-at="2023-08-03T13:51:53 IST" name="Suite" finished-at="2023-08-03T13:52:43 IST" duration-ms="49767">
    <groups>
    </groups>
    <test started-at="2023-08-03T13:51:53 IST" name="Test" finished-at="2023-08-03T13:52:43 IST" duration-ms="49767">
      <class name="com.capstone.testing.LoginServiceTest">
        <test-method is-config="true" signature="config()[pri:0, instance:com.capstone.testing.LoginServiceTest@16eb3ea3]" started-at="2023-08-03T13:51:53 IST" name="config" finished-at="2023-08-03T13:51:56 IST" duration-ms="2955" status="PASS">
          <reporter-output>
          </reporter-output>
        </test-method> <!-- config -->
        <test-method signature="homeTest()[pri:1, instance:com.capstone.testing.LoginServiceTest@16eb3ea3]" started-at="2023-08-03T13:51:56 IST" name="homeTest" finished-at="2023-08-03T13:51:57 IST" duration-ms="719" status="PASS">
          <reporter-output>
          </reporter-output>
        </test-method> <!-- homeTest -->
        <test-method signature="registerTest()[pri:2, instance:com.capstone.testing.LoginServiceTest@16eb3ea3]" started-at="2023-08-03T13:51:57 IST" name="registerTest" finished-at="2023-08-03T13:52:07 IST" duration-ms="10472" status="PASS">
          <reporter-output>
          </reporter-output>
        </test-method> <!-- registerTest -->
        <test-method signature="loginTest()[pri:3, instance:com.capstone.testing.LoginServiceTest@16eb3ea3]" started-at="2023-08-03T13:52:07 IST" name="loginTest" finished-at="2023-08-03T13:52:18 IST" duration-ms="10514" status="PASS">
          <reporter-output>
          </reporter-output>
        </test-method> <!-- loginTest -->
        <test-method signature="applyAadharTest()[pri:4, instance:com.capstone.testing.LoginServiceTest@16eb3ea3]" started-at="2023-08-03T13:52:18 IST" name="applyAadharTest" finished-at="2023-08-03T13:52:29 IST" duration-ms="11049" status="PASS">
          <reporter-output>
          </reporter-output>
        </test-method> <!-- applyAadharTest -->
        <test-method signature="approveRequestTest()[pri:5, instance:com.capstone.testing.LoginServiceTest@16eb3ea3]" started-at="2023-08-03T13:52:29 IST" name="approveRequestTest" finished-at="2023-08-03T13:52:31 IST" duration-ms="2781" status="PASS">
          <reporter-output>
          </reporter-output>
        </test-method> <!-- approveRequestTest -->
        <test-method signature="viewAllRequestTest()[pri:6, instance:com.capstone.testing.LoginServiceTest@16eb3ea3]" started-at="2023-08-03T13:52:31 IST" name="viewAllRequestTest" finished-at="2023-08-03T13:52:32 IST" duration-ms="174" status="PASS">
          <reporter-output>
          </reporter-output>
        </test-method> <!-- viewAllRequestTest -->
        <test-method signature="AadharUpdateTest()[pri:7, instance:com.capstone.testing.LoginServiceTest@16eb3ea3]" started-at="2023-08-03T13:52:32 IST" name="AadharUpdateTest" finished-at="2023-08-03T13:52:32 IST" duration-ms="205" status="PASS">
          <reporter-output>
          </reporter-output>
        </test-method> <!-- AadharUpdateTest -->
        <test-method signature="viewMyAdharTest()[pri:8, instance:com.capstone.testing.LoginServiceTest@16eb3ea3]" started-at="2023-08-03T13:52:32 IST" name="viewMyAdharTest" finished-at="2023-08-03T13:52:32 IST" duration-ms="100" status="PASS">
          <reporter-output>
          </reporter-output>
        </test-method> <!-- viewMyAdharTest -->
        <test-method signature="logoutTest()[pri:9, instance:com.capstone.testing.LoginServiceTest@16eb3ea3]" started-at="2023-08-03T13:52:32 IST" name="logoutTest" finished-at="2023-08-03T13:52:32 IST" duration-ms="95" status="PASS">
          <reporter-output>
          </reporter-output>
        </test-method> <!-- logoutTest -->
        <test-method signature="requestDuplicateTest()[pri:9, instance:com.capstone.testing.LoginServiceTest@16eb3ea3]" started-at="2023-08-03T13:52:32 IST" name="requestDuplicateTest" finished-at="2023-08-03T13:52:37 IST" duration-ms="5194" status="PASS">
          <reporter-output>
          </reporter-output>
        </test-method> <!-- requestDuplicateTest -->
        <test-method signature="closeAadharTest()[pri:10, instance:com.capstone.testing.LoginServiceTest@16eb3ea3]" started-at="2023-08-03T13:52:37 IST" name="closeAadharTest" finished-at="2023-08-03T13:52:42 IST" duration-ms="5295" status="PASS">
          <reporter-output>
          </reporter-output>
        </test-method> <!-- closeAadharTest -->
        <test-method is-config="true" signature="afterClass()[pri:0, instance:com.capstone.testing.LoginServiceTest@16eb3ea3]" started-at="2023-08-03T13:52:42 IST" name="afterClass" finished-at="2023-08-03T13:52:43 IST" duration-ms="129" status="PASS">
          <reporter-output>
          </reporter-output>
        </test-method> <!-- afterClass -->
      </class> <!-- com.capstone.testing.LoginServiceTest -->
    </test> <!-- Test -->
  </suite> <!-- Suite -->
</testng-results>
